c:\program files\beeflang\beeflibs\zlib\dist\zlib.dir\release\zutil.obj
c:\program files\beeflang\beeflibs\zlib\dist\zlib.dir\release\uncompr.obj
c:\program files\beeflang\beeflibs\zlib\dist\zlib.dir\release\trees.obj
c:\program files\beeflang\beeflibs\zlib\dist\zlib.dir\release\inffast.obj
c:\program files\beeflang\beeflibs\zlib\dist\zlib.dir\release\inftrees.obj
c:\program files\beeflang\beeflibs\zlib\dist\zlib.dir\release\infback.obj
c:\program files\beeflang\beeflibs\zlib\dist\zlib.dir\release\inflate.obj
c:\program files\beeflang\beeflibs\zlib\dist\zlib.dir\release\gzwrite.obj
c:\program files\beeflang\beeflibs\zlib\dist\zlib.dir\release\gzread.obj
c:\program files\beeflang\beeflibs\zlib\dist\zlib.dir\release\gzlib.obj
c:\program files\beeflang\beeflibs\zlib\dist\zlib.dir\release\gzclose.obj
c:\program files\beeflang\beeflibs\zlib\dist\zlib.dir\release\deflate.obj
c:\program files\beeflang\beeflibs\zlib\dist\zlib.dir\release\crc32.obj
c:\program files\beeflang\beeflibs\zlib\dist\zlib.dir\release\compress.obj
c:\program files\beeflang\beeflibs\zlib\dist\zlib.dir\release\adler32.obj
c:\program files\beeflang\beeflibs\zlib\dist\cmakefiles\generate.stamp
c:\program files\beeflang\beeflibs\zlib\dist\release\zlib.dll
c:\program files\beeflang\beeflibs\zlib\dist\zlib.dir\release\zlib1.res
c:\program files\beeflang\beeflibs\zlib\dist\release\zlib.lib
c:\program files\beeflang\beeflibs\zlib\dist\release\zlib.exp
c:\program files\beeflang\beeflibs\zlib\dist\zlib.dir\release\vcpkg.applocal.log
c:\program files\beeflang\beeflibs\zlib\dist\zlib.dir\release\zlib.tlog\cl.command.1.tlog
c:\program files\beeflang\beeflibs\zlib\dist\zlib.dir\release\zlib.tlog\cl.read.1.tlog
c:\program files\beeflang\beeflibs\zlib\dist\zlib.dir\release\zlib.tlog\cl.write.1.tlog
c:\program files\beeflang\beeflibs\zlib\dist\zlib.dir\release\zlib.tlog\custombuild.command.1.tlog
c:\program files\beeflang\beeflibs\zlib\dist\zlib.dir\release\zlib.tlog\custombuild.read.1.tlog
c:\program files\beeflang\beeflibs\zlib\dist\zlib.dir\release\zlib.tlog\custombuild.write.1.tlog
c:\program files\beeflang\beeflibs\zlib\dist\zlib.dir\release\zlib.tlog\link.command.1.tlog
c:\program files\beeflang\beeflibs\zlib\dist\zlib.dir\release\zlib.tlog\link.read.1.tlog
c:\program files\beeflang\beeflibs\zlib\dist\zlib.dir\release\zlib.tlog\link.write.1.tlog
c:\program files\beeflang\beeflibs\zlib\dist\zlib.dir\release\zlib.tlog\rc.command.1.tlog
c:\program files\beeflang\beeflibs\zlib\dist\zlib.dir\release\zlib.tlog\rc.read.1.tlog
c:\program files\beeflang\beeflibs\zlib\dist\zlib.dir\release\zlib.tlog\rc.write.1.tlog
c:\program files\beeflang\beeflibs\zlib\dist\zlib.dir\release\zlib.tlog\zlib.write.1u.tlog
