c:\program files\beeflang\beeflibs\zlib\dist\zlibstatic.dir\release\zutil.obj
c:\program files\beeflang\beeflibs\zlib\dist\zlibstatic.dir\release\uncompr.obj
c:\program files\beeflang\beeflibs\zlib\dist\zlibstatic.dir\release\trees.obj
c:\program files\beeflang\beeflibs\zlib\dist\zlibstatic.dir\release\inffast.obj
c:\program files\beeflang\beeflibs\zlib\dist\zlibstatic.dir\release\inftrees.obj
c:\program files\beeflang\beeflibs\zlib\dist\zlibstatic.dir\release\infback.obj
c:\program files\beeflang\beeflibs\zlib\dist\zlibstatic.dir\release\inflate.obj
c:\program files\beeflang\beeflibs\zlib\dist\zlibstatic.dir\release\gzwrite.obj
c:\program files\beeflang\beeflibs\zlib\dist\zlibstatic.dir\release\gzread.obj
c:\program files\beeflang\beeflibs\zlib\dist\zlibstatic.dir\release\gzlib.obj
c:\program files\beeflang\beeflibs\zlib\dist\zlibstatic.dir\release\gzclose.obj
c:\program files\beeflang\beeflibs\zlib\dist\zlibstatic.dir\release\deflate.obj
c:\program files\beeflang\beeflibs\zlib\dist\zlibstatic.dir\release\crc32.obj
c:\program files\beeflang\beeflibs\zlib\dist\zlibstatic.dir\release\compress.obj
c:\program files\beeflang\beeflibs\zlib\dist\zlibstatic.dir\release\adler32.obj
c:\program files\beeflang\beeflibs\zlib\dist\cmakefiles\generate.stamp
c:\program files\beeflang\beeflibs\zlib\dist\release\zlibstatic.lib
c:\program files\beeflang\beeflibs\zlib\dist\zlibstatic.dir\release\vcpkg.applocal.log
c:\program files\beeflang\beeflibs\zlib\dist\zlibstatic.dir\release\zlibstatic.tlog\cl.command.1.tlog
c:\program files\beeflang\beeflibs\zlib\dist\zlibstatic.dir\release\zlibstatic.tlog\cl.read.1.tlog
c:\program files\beeflang\beeflibs\zlib\dist\zlibstatic.dir\release\zlibstatic.tlog\cl.write.1.tlog
c:\program files\beeflang\beeflibs\zlib\dist\zlibstatic.dir\release\zlibstatic.tlog\custombuild.command.1.tlog
c:\program files\beeflang\beeflibs\zlib\dist\zlibstatic.dir\release\zlibstatic.tlog\custombuild.read.1.tlog
c:\program files\beeflang\beeflibs\zlib\dist\zlibstatic.dir\release\zlibstatic.tlog\custombuild.write.1.tlog
c:\program files\beeflang\beeflibs\zlib\dist\zlibstatic.dir\release\zlibstatic.tlog\lib-link.read.1.tlog
c:\program files\beeflang\beeflibs\zlib\dist\zlibstatic.dir\release\zlibstatic.tlog\lib-link.write.1.tlog
c:\program files\beeflang\beeflibs\zlib\dist\zlibstatic.dir\release\zlibstatic.tlog\lib.command.1.tlog
c:\program files\beeflang\beeflibs\zlib\dist\zlibstatic.dir\release\zlibstatic.tlog\zlibstatic.write.1u.tlog
