  Building Custom Rule C:/Program Files/BeefLang/BeefLibs/Zlib/dist/CMakeLists.txt
  Using triplet "x64-windows" from "G:\Tools\vcpkg\installed\x64-windows\"
  adler32.c
  compress.c
  crc32.c
  deflate.c
  gzclose.c
  gzlib.c
  gzread.c
C:\Program Files\BeefLang\BeefLibs\Zlib\dist\gzread.c(319,20): warning C4267: '=': conversion from 'size_t' to 'unsigned int', possible loss of data
C:\Program Files\BeefLang\BeefLibs\Zlib\dist\gzread.c(400,35): warning C4267: '=': conversion from 'size_t' to 'unsigned int', possible loss of data
C:\Program Files\BeefLang\BeefLibs\Zlib\dist\gzread.c(472,33): warning C4267: '=': conversion from 'size_t' to 'int', possible loss of data
  gzwrite.c
C:\Program Files\BeefLang\BeefLibs\Zlib\dist\gzwrite.c(212,27): warning C4267: '=': conversion from 'size_t' to 'unsigned int', possible loss of data
C:\Program Files\BeefLang\BeefLibs\Zlib\dist\gzwrite.c(232,24): warning C4267: '=': conversion from 'size_t' to 'unsigned int', possible loss of data
C:\Program Files\BeefLang\BeefLibs\Zlib\dist\gzwrite.c(371,36): warning C4267: '=': conversion from 'size_t' to 'int', possible loss of data
  inflate.c
  infback.c
  inftrees.c
  inffast.c
  trees.c
  uncompr.c
  zutil.c
  Generating Code...
  zlibstatic.vcxproj -> C:\Program Files\BeefLang\BeefLibs\Zlib\dist\Release\zlibstatic.lib
